Build started 9/1/2014 9:27:47 PM.
     1>Project "F:\IntroToOpenGL\IntroOpenGL\intro_opengl.vcxproj" on node 2 (build target(s)).
     1>InitializeBuildStatus:
         Creating "Debug\intro_opengl.unsuccessfulbuild" because "AlwaysCreate" was specified.
       ClCompile:
         e:\Microsoft Visual Studio 10.0\VC\bin\CL.exe /c /ZI /nologo /W3 /WX- /Od /Oy- /D WIN32 /D _DEBUG /D _CONSOLE /D _MBCS /Gm /EHsc /RTC1 /MTd /GS /fp:precise /Zc:wchar_t /Zc:forScope /Fo"Debug\\" /Fd"Debug\vc100.pdb" /Gd /TP /analyze- /errorReport:prompt main.cpp Scene.cpp Shape.cpp FirstOPGL.cpp
         FirstOPGL.cpp
         Shape.cpp
         Scene.cpp
     1>f:\introtoopengl\introopengl\scene.cpp(28): warning C4018: '<' : signed/unsigned mismatch
     1>f:\introtoopengl\introopengl\scene.cpp(71): warning C4018: '<' : signed/unsigned mismatch
         main.cpp
         Generating Code...
       ManifestResourceCompile:
         C:\Program Files (x86)\Microsoft SDKs\Windows\v7.0A\bin\rc.exe /nologo /fo"Debug\intro_opengl.exe.embed.manifest.res" Debug\intro_opengl_manifest.rc 
       Link:
         e:\Microsoft Visual Studio 10.0\VC\bin\link.exe /ERRORREPORT:PROMPT /OUT:"Debug\intro_opengl.exe" /INCREMENTAL /NOLOGO kernel32.lib user32.lib gdi32.lib winspool.lib comdlg32.lib advapi32.lib shell32.lib ole32.lib oleaut32.lib uuid.lib odbc32.lib odbccp32.lib /MANIFEST /ManifestFile:"Debug\intro_opengl.exe.intermediate.manifest" /MANIFESTUAC:"level='asInvoker' uiAccess='false'" /DEBUG /PDB:"Debug\intro_opengl.pdb" /SUBSYSTEM:CONSOLE /TLBID:1 /DYNAMICBASE /NXCOMPAT /IMPLIB:"Debug\intro_opengl.lib" /MACHINE:X86 Debug\intro_opengl.exe.embed.manifest.res
         Debug\main.obj
         Debug\Scene.obj
         Debug\Shape.obj
         Debug\FirstOPGL.obj
       Manifest:
         C:\Program Files (x86)\Microsoft SDKs\Windows\v7.0A\bin\mt.exe /nologo /verbose /out:"Debug\intro_opengl.exe.embed.manifest" /manifest Debug\intro_opengl.exe.intermediate.manifest
         All outputs are up-to-date.
       LinkEmbedManifest:
         All outputs are up-to-date.
         intro_opengl.vcxproj -> F:\IntroToOpenGL\IntroOpenGL\Debug\intro_opengl.exe
       FinalizeBuildStatus:
         Deleting file "Debug\intro_opengl.unsuccessfulbuild".
         Touching "Debug\intro_opengl.lastbuildstate".
     1>Done Building Project "F:\IntroToOpenGL\IntroOpenGL\intro_opengl.vcxproj" (build target(s)).

Build succeeded.

Time Elapsed 00:00:01.25
